Arguments: 
  /usr/local/Cellar/node/6.2.1/bin/node /usr/local/bin/yarn add source-map-loader

PATH: 
  /usr/bin:/bin:/usr/sbin:/sbin:/usr/local/bin:/opt/X11/bin

Yarn version: 
  0.16.1

Node version: 
  7.4.0

Platform: 
  darwin x64

npm manifest: 
  {
    "name": "react-typescript",
    "version": "1.0.0",
    "description": "react typescript starter kit",
    "main": "index.js",
    "scripts": {
      "start": "webpack-dev-server",
      "test": "echo \"Error: no test specified\" && exit 1"
    },
    "author": "Emil Møller",
    "license": "ISC",
    "devDependencies": {
      "typescript": "^2.3.2",
      "webpack": "^2.5.1",
      "webpack-dev-server": "^2.4.5",
      "@types/react": "^15.0.24",
      "@types/react-dom": "^15.5.0",
    },
    "dependencies": {
      "react": "^15.5.4",
      "react-dom": "^15.5.4",
      "react-hot-loader": "next"
    }
  }

yarn manifest: 
  No manifest

bower manifest: 
  No manifest

Lockfile: 
  No lockfile

Trace: 
  SyntaxError: /Users/Emil/Documents/Codelab/react/react-typescript/package.json: Unexpected token } in JSON at position 466
      at JSON.parse (<anonymous>)
      at /usr/local/lib/node_modules/yarn/lib/util/fs.js:271:57
      at Generator.next (<anonymous>)
      at step (/usr/local/lib/node_modules/yarn/node_modules/babel-runtime/helpers/asyncToGenerator.js:17:30)
      at /usr/local/lib/node_modules/yarn/node_modules/babel-runtime/helpers/asyncToGenerator.js:28:20
